[2023-05-20T17:38:29.618] [ERROR] error - TypeError: Cannot read properties of undefined (reading 'split')
    at C:\Users\ZJY\Desktop\vue3 + koa2 + ElementPlus 后台管理系统\koa\manager-server\app.js:51:51
    at dispatch (C:\Users\ZJY\Desktop\vue3 + koa2 + ElementPlus 后台管理系统\koa\manager-server\node_modules\koa-compose\index.js:44:32)
    at next (C:\Users\ZJY\Desktop\vue3 + koa2 + ElementPlus 后台管理系统\koa\manager-server\node_modules\koa-compose\index.js:45:18)
    at C:\Users\ZJY\Desktop\vue3 + koa2 + ElementPlus 后台管理系统\koa\manager-server\node_modules\koa-router\lib\router.js:346:16
    at dispatch (C:\Users\ZJY\Desktop\vue3 + koa2 + ElementPlus 后台管理系统\koa\manager-server\node_modules\koa-compose\index.js:44:32)
    at C:\Users\ZJY\Desktop\vue3 + koa2 + ElementPlus 后台管理系统\koa\manager-server\node_modules\koa-compose\index.js:36:12
    at dispatch (C:\Users\ZJY\Desktop\vue3 + koa2 + ElementPlus 后台管理系统\koa\manager-server\node_modules\koa-router\lib\router.js:351:31)
    at dispatch (C:\Users\ZJY\Desktop\vue3 + koa2 + ElementPlus 后台管理系统\koa\manager-server\node_modules\koa\node_modules\koa-compose\index.js:42:32)
    at C:\Users\ZJY\Desktop\vue3 + koa2 + ElementPlus 后台管理系统\koa\manager-server\app.js:38:9
    at dispatch (C:\Users\ZJY\Desktop\vue3 + koa2 + ElementPlus 后台管理系统\koa\manager-server\node_modules\koa\node_modules\koa-compose\index.js:42:32)
    at views (C:\Users\ZJY\Desktop\vue3 + koa2 + ElementPlus 后台管理系统\koa\manager-server\node_modules\koa-views\src\index.js:91:12)
    at dispatch (C:\Users\ZJY\Desktop\vue3 + koa2 + ElementPlus 后台管理系统\koa\manager-server\node_modules\koa\node_modules\koa-compose\index.js:42:32)
    at serve (C:\Users\ZJY\Desktop\vue3 + koa2 + ElementPlus 后台管理系统\koa\manager-server\node_modules\koa-static\index.js:53:15)
    at async logger (C:\Users\ZJY\Desktop\vue3 + koa2 + ElementPlus 后台管理系统\koa\manager-server\node_modules\koa-logger\index.js:67:7)
    at async bodyParser (C:\Users\ZJY\Desktop\vue3 + koa2 + ElementPlus 后台管理系统\koa\manager-server\node_modules\koa-bodyparser\index.js:91:5)
[2023-05-20T17:39:31.702] [ERROR] error - ReferenceError: jwt is not defined
    at C:\Users\ZJY\Desktop\vue3 + koa2 + ElementPlus 后台管理系统\koa\manager-server\app.js:52:19
    at dispatch (C:\Users\ZJY\Desktop\vue3 + koa2 + ElementPlus 后台管理系统\koa\manager-server\node_modules\koa-compose\index.js:44:32)
    at next (C:\Users\ZJY\Desktop\vue3 + koa2 + ElementPlus 后台管理系统\koa\manager-server\node_modules\koa-compose\index.js:45:18)
    at C:\Users\ZJY\Desktop\vue3 + koa2 + ElementPlus 后台管理系统\koa\manager-server\node_modules\koa-router\lib\router.js:346:16
    at dispatch (C:\Users\ZJY\Desktop\vue3 + koa2 + ElementPlus 后台管理系统\koa\manager-server\node_modules\koa-compose\index.js:44:32)
    at C:\Users\ZJY\Desktop\vue3 + koa2 + ElementPlus 后台管理系统\koa\manager-server\node_modules\koa-compose\index.js:36:12
    at dispatch (C:\Users\ZJY\Desktop\vue3 + koa2 + ElementPlus 后台管理系统\koa\manager-server\node_modules\koa-router\lib\router.js:351:31)
    at dispatch (C:\Users\ZJY\Desktop\vue3 + koa2 + ElementPlus 后台管理系统\koa\manager-server\node_modules\koa\node_modules\koa-compose\index.js:42:32)
    at C:\Users\ZJY\Desktop\vue3 + koa2 + ElementPlus 后台管理系统\koa\manager-server\app.js:38:9
    at dispatch (C:\Users\ZJY\Desktop\vue3 + koa2 + ElementPlus 后台管理系统\koa\manager-server\node_modules\koa\node_modules\koa-compose\index.js:42:32)
    at views (C:\Users\ZJY\Desktop\vue3 + koa2 + ElementPlus 后台管理系统\koa\manager-server\node_modules\koa-views\src\index.js:91:12)
    at dispatch (C:\Users\ZJY\Desktop\vue3 + koa2 + ElementPlus 后台管理系统\koa\manager-server\node_modules\koa\node_modules\koa-compose\index.js:42:32)
    at serve (C:\Users\ZJY\Desktop\vue3 + koa2 + ElementPlus 后台管理系统\koa\manager-server\node_modules\koa-static\index.js:53:15)
    at async logger (C:\Users\ZJY\Desktop\vue3 + koa2 + ElementPlus 后台管理系统\koa\manager-server\node_modules\koa-logger\index.js:67:7)
    at async bodyParser (C:\Users\ZJY\Desktop\vue3 + koa2 + ElementPlus 后台管理系统\koa\manager-server\node_modules\koa-bodyparser\index.js:91:5)
[2023-05-20T17:39:57.180] [ERROR] error - TypeError: jwt.verity is not a function
    at C:\Users\ZJY\Desktop\vue3 + koa2 + ElementPlus 后台管理系统\koa\manager-server\app.js:53:23
    at dispatch (C:\Users\ZJY\Desktop\vue3 + koa2 + ElementPlus 后台管理系统\koa\manager-server\node_modules\koa-compose\index.js:44:32)
    at next (C:\Users\ZJY\Desktop\vue3 + koa2 + ElementPlus 后台管理系统\koa\manager-server\node_modules\koa-compose\index.js:45:18)
    at C:\Users\ZJY\Desktop\vue3 + koa2 + ElementPlus 后台管理系统\koa\manager-server\node_modules\koa-router\lib\router.js:346:16
    at dispatch (C:\Users\ZJY\Desktop\vue3 + koa2 + ElementPlus 后台管理系统\koa\manager-server\node_modules\koa-compose\index.js:44:32)
    at C:\Users\ZJY\Desktop\vue3 + koa2 + ElementPlus 后台管理系统\koa\manager-server\node_modules\koa-compose\index.js:36:12
    at dispatch (C:\Users\ZJY\Desktop\vue3 + koa2 + ElementPlus 后台管理系统\koa\manager-server\node_modules\koa-router\lib\router.js:351:31)
    at dispatch (C:\Users\ZJY\Desktop\vue3 + koa2 + ElementPlus 后台管理系统\koa\manager-server\node_modules\koa\node_modules\koa-compose\index.js:42:32)
    at C:\Users\ZJY\Desktop\vue3 + koa2 + ElementPlus 后台管理系统\koa\manager-server\app.js:39:9
    at dispatch (C:\Users\ZJY\Desktop\vue3 + koa2 + ElementPlus 后台管理系统\koa\manager-server\node_modules\koa\node_modules\koa-compose\index.js:42:32)
    at views (C:\Users\ZJY\Desktop\vue3 + koa2 + ElementPlus 后台管理系统\koa\manager-server\node_modules\koa-views\src\index.js:91:12)
    at dispatch (C:\Users\ZJY\Desktop\vue3 + koa2 + ElementPlus 后台管理系统\koa\manager-server\node_modules\koa\node_modules\koa-compose\index.js:42:32)
    at serve (C:\Users\ZJY\Desktop\vue3 + koa2 + ElementPlus 后台管理系统\koa\manager-server\node_modules\koa-static\index.js:53:15)
    at async logger (C:\Users\ZJY\Desktop\vue3 + koa2 + ElementPlus 后台管理系统\koa\manager-server\node_modules\koa-logger\index.js:67:7)
    at async bodyParser (C:\Users\ZJY\Desktop\vue3 + koa2 + ElementPlus 后台管理系统\koa\manager-server\node_modules\koa-bodyparser\index.js:91:5)
[2023-05-20T17:42:55.230] [ERROR] error - JsonWebTokenError: invalid signature
    at C:\Users\ZJY\Desktop\vue3 + koa2 + ElementPlus 后台管理系统\koa\manager-server\node_modules\jsonwebtoken\verify.js:171:19
    at getSecret (C:\Users\ZJY\Desktop\vue3 + koa2 + ElementPlus 后台管理系统\koa\manager-server\node_modules\jsonwebtoken\verify.js:97:14)
    at module.exports [as verify] (C:\Users\ZJY\Desktop\vue3 + koa2 + ElementPlus 后台管理系统\koa\manager-server\node_modules\jsonwebtoken\verify.js:101:10)
    at C:\Users\ZJY\Desktop\vue3 + koa2 + ElementPlus 后台管理系统\koa\manager-server\app.js:53:23
    at dispatch (C:\Users\ZJY\Desktop\vue3 + koa2 + ElementPlus 后台管理系统\koa\manager-server\node_modules\koa-compose\index.js:44:32)
    at next (C:\Users\ZJY\Desktop\vue3 + koa2 + ElementPlus 后台管理系统\koa\manager-server\node_modules\koa-compose\index.js:45:18)
    at C:\Users\ZJY\Desktop\vue3 + koa2 + ElementPlus 后台管理系统\koa\manager-server\node_modules\koa-router\lib\router.js:346:16
    at dispatch (C:\Users\ZJY\Desktop\vue3 + koa2 + ElementPlus 后台管理系统\koa\manager-server\node_modules\koa-compose\index.js:44:32)
    at C:\Users\ZJY\Desktop\vue3 + koa2 + ElementPlus 后台管理系统\koa\manager-server\node_modules\koa-compose\index.js:36:12
    at dispatch (C:\Users\ZJY\Desktop\vue3 + koa2 + ElementPlus 后台管理系统\koa\manager-server\node_modules\koa-router\lib\router.js:351:31)
    at dispatch (C:\Users\ZJY\Desktop\vue3 + koa2 + ElementPlus 后台管理系统\koa\manager-server\node_modules\koa\node_modules\koa-compose\index.js:42:32)
    at C:\Users\ZJY\Desktop\vue3 + koa2 + ElementPlus 后台管理系统\koa\manager-server\app.js:39:9
    at dispatch (C:\Users\ZJY\Desktop\vue3 + koa2 + ElementPlus 后台管理系统\koa\manager-server\node_modules\koa\node_modules\koa-compose\index.js:42:32)
    at views (C:\Users\ZJY\Desktop\vue3 + koa2 + ElementPlus 后台管理系统\koa\manager-server\node_modules\koa-views\src\index.js:91:12)
    at dispatch (C:\Users\ZJY\Desktop\vue3 + koa2 + ElementPlus 后台管理系统\koa\manager-server\node_modules\koa\node_modules\koa-compose\index.js:42:32)
    at serve (C:\Users\ZJY\Desktop\vue3 + koa2 + ElementPlus 后台管理系统\koa\manager-server\node_modules\koa-static\index.js:53:15)
[2023-05-20T17:43:28.988] [ERROR] error - JsonWebTokenError: invalid signature
    at C:\Users\ZJY\Desktop\vue3 + koa2 + ElementPlus 后台管理系统\koa\manager-server\node_modules\jsonwebtoken\verify.js:171:19
    at getSecret (C:\Users\ZJY\Desktop\vue3 + koa2 + ElementPlus 后台管理系统\koa\manager-server\node_modules\jsonwebtoken\verify.js:97:14)
    at module.exports [as verify] (C:\Users\ZJY\Desktop\vue3 + koa2 + ElementPlus 后台管理系统\koa\manager-server\node_modules\jsonwebtoken\verify.js:101:10)
    at C:\Users\ZJY\Desktop\vue3 + koa2 + ElementPlus 后台管理系统\koa\manager-server\app.js:53:23
    at dispatch (C:\Users\ZJY\Desktop\vue3 + koa2 + ElementPlus 后台管理系统\koa\manager-server\node_modules\koa-compose\index.js:44:32)
    at next (C:\Users\ZJY\Desktop\vue3 + koa2 + ElementPlus 后台管理系统\koa\manager-server\node_modules\koa-compose\index.js:45:18)
    at C:\Users\ZJY\Desktop\vue3 + koa2 + ElementPlus 后台管理系统\koa\manager-server\node_modules\koa-router\lib\router.js:346:16
    at dispatch (C:\Users\ZJY\Desktop\vue3 + koa2 + ElementPlus 后台管理系统\koa\manager-server\node_modules\koa-compose\index.js:44:32)
    at C:\Users\ZJY\Desktop\vue3 + koa2 + ElementPlus 后台管理系统\koa\manager-server\node_modules\koa-compose\index.js:36:12
    at dispatch (C:\Users\ZJY\Desktop\vue3 + koa2 + ElementPlus 后台管理系统\koa\manager-server\node_modules\koa-router\lib\router.js:351:31)
    at dispatch (C:\Users\ZJY\Desktop\vue3 + koa2 + ElementPlus 后台管理系统\koa\manager-server\node_modules\koa\node_modules\koa-compose\index.js:42:32)
    at C:\Users\ZJY\Desktop\vue3 + koa2 + ElementPlus 后台管理系统\koa\manager-server\app.js:39:9
    at dispatch (C:\Users\ZJY\Desktop\vue3 + koa2 + ElementPlus 后台管理系统\koa\manager-server\node_modules\koa\node_modules\koa-compose\index.js:42:32)
    at views (C:\Users\ZJY\Desktop\vue3 + koa2 + ElementPlus 后台管理系统\koa\manager-server\node_modules\koa-views\src\index.js:91:12)
    at dispatch (C:\Users\ZJY\Desktop\vue3 + koa2 + ElementPlus 后台管理系统\koa\manager-server\node_modules\koa\node_modules\koa-compose\index.js:42:32)
    at serve (C:\Users\ZJY\Desktop\vue3 + koa2 + ElementPlus 后台管理系统\koa\manager-server\node_modules\koa-static\index.js:53:15)
[2023-05-20T17:43:39.061] [ERROR] error - JsonWebTokenError: invalid signature
    at C:\Users\ZJY\Desktop\vue3 + koa2 + ElementPlus 后台管理系统\koa\manager-server\node_modules\jsonwebtoken\verify.js:171:19
    at getSecret (C:\Users\ZJY\Desktop\vue3 + koa2 + ElementPlus 后台管理系统\koa\manager-server\node_modules\jsonwebtoken\verify.js:97:14)
    at module.exports [as verify] (C:\Users\ZJY\Desktop\vue3 + koa2 + ElementPlus 后台管理系统\koa\manager-server\node_modules\jsonwebtoken\verify.js:101:10)
    at C:\Users\ZJY\Desktop\vue3 + koa2 + ElementPlus 后台管理系统\koa\manager-server\app.js:53:23
    at dispatch (C:\Users\ZJY\Desktop\vue3 + koa2 + ElementPlus 后台管理系统\koa\manager-server\node_modules\koa-compose\index.js:44:32)
    at next (C:\Users\ZJY\Desktop\vue3 + koa2 + ElementPlus 后台管理系统\koa\manager-server\node_modules\koa-compose\index.js:45:18)
    at C:\Users\ZJY\Desktop\vue3 + koa2 + ElementPlus 后台管理系统\koa\manager-server\node_modules\koa-router\lib\router.js:346:16
    at dispatch (C:\Users\ZJY\Desktop\vue3 + koa2 + ElementPlus 后台管理系统\koa\manager-server\node_modules\koa-compose\index.js:44:32)
    at C:\Users\ZJY\Desktop\vue3 + koa2 + ElementPlus 后台管理系统\koa\manager-server\node_modules\koa-compose\index.js:36:12
    at dispatch (C:\Users\ZJY\Desktop\vue3 + koa2 + ElementPlus 后台管理系统\koa\manager-server\node_modules\koa-router\lib\router.js:351:31)
    at dispatch (C:\Users\ZJY\Desktop\vue3 + koa2 + ElementPlus 后台管理系统\koa\manager-server\node_modules\koa\node_modules\koa-compose\index.js:42:32)
    at C:\Users\ZJY\Desktop\vue3 + koa2 + ElementPlus 后台管理系统\koa\manager-server\app.js:39:9
    at dispatch (C:\Users\ZJY\Desktop\vue3 + koa2 + ElementPlus 后台管理系统\koa\manager-server\node_modules\koa\node_modules\koa-compose\index.js:42:32)
    at views (C:\Users\ZJY\Desktop\vue3 + koa2 + ElementPlus 后台管理系统\koa\manager-server\node_modules\koa-views\src\index.js:91:12)
    at dispatch (C:\Users\ZJY\Desktop\vue3 + koa2 + ElementPlus 后台管理系统\koa\manager-server\node_modules\koa\node_modules\koa-compose\index.js:42:32)
    at serve (C:\Users\ZJY\Desktop\vue3 + koa2 + ElementPlus 后台管理系统\koa\manager-server\node_modules\koa-static\index.js:53:15)
[2023-05-20T17:43:52.120] [ERROR] error - JsonWebTokenError: invalid signature
    at C:\Users\ZJY\Desktop\vue3 + koa2 + ElementPlus 后台管理系统\koa\manager-server\node_modules\jsonwebtoken\verify.js:171:19
    at getSecret (C:\Users\ZJY\Desktop\vue3 + koa2 + ElementPlus 后台管理系统\koa\manager-server\node_modules\jsonwebtoken\verify.js:97:14)
    at module.exports [as verify] (C:\Users\ZJY\Desktop\vue3 + koa2 + ElementPlus 后台管理系统\koa\manager-server\node_modules\jsonwebtoken\verify.js:101:10)
    at C:\Users\ZJY\Desktop\vue3 + koa2 + ElementPlus 后台管理系统\koa\manager-server\app.js:53:23
    at dispatch (C:\Users\ZJY\Desktop\vue3 + koa2 + ElementPlus 后台管理系统\koa\manager-server\node_modules\koa-compose\index.js:44:32)
    at next (C:\Users\ZJY\Desktop\vue3 + koa2 + ElementPlus 后台管理系统\koa\manager-server\node_modules\koa-compose\index.js:45:18)
    at C:\Users\ZJY\Desktop\vue3 + koa2 + ElementPlus 后台管理系统\koa\manager-server\node_modules\koa-router\lib\router.js:346:16
    at dispatch (C:\Users\ZJY\Desktop\vue3 + koa2 + ElementPlus 后台管理系统\koa\manager-server\node_modules\koa-compose\index.js:44:32)
    at C:\Users\ZJY\Desktop\vue3 + koa2 + ElementPlus 后台管理系统\koa\manager-server\node_modules\koa-compose\index.js:36:12
    at dispatch (C:\Users\ZJY\Desktop\vue3 + koa2 + ElementPlus 后台管理系统\koa\manager-server\node_modules\koa-router\lib\router.js:351:31)
    at dispatch (C:\Users\ZJY\Desktop\vue3 + koa2 + ElementPlus 后台管理系统\koa\manager-server\node_modules\koa\node_modules\koa-compose\index.js:42:32)
    at C:\Users\ZJY\Desktop\vue3 + koa2 + ElementPlus 后台管理系统\koa\manager-server\app.js:39:9
    at dispatch (C:\Users\ZJY\Desktop\vue3 + koa2 + ElementPlus 后台管理系统\koa\manager-server\node_modules\koa\node_modules\koa-compose\index.js:42:32)
    at views (C:\Users\ZJY\Desktop\vue3 + koa2 + ElementPlus 后台管理系统\koa\manager-server\node_modules\koa-views\src\index.js:91:12)
    at dispatch (C:\Users\ZJY\Desktop\vue3 + koa2 + ElementPlus 后台管理系统\koa\manager-server\node_modules\koa\node_modules\koa-compose\index.js:42:32)
    at serve (C:\Users\ZJY\Desktop\vue3 + koa2 + ElementPlus 后台管理系统\koa\manager-server\node_modules\koa-static\index.js:53:15)
[2023-05-20T17:45:35.170] [ERROR] error - TokenExpiredError: jwt expired
    at C:\Users\ZJY\Desktop\vue3 + koa2 + ElementPlus 后台管理系统\koa\manager-server\node_modules\jsonwebtoken\verify.js:190:21
    at getSecret (C:\Users\ZJY\Desktop\vue3 + koa2 + ElementPlus 后台管理系统\koa\manager-server\node_modules\jsonwebtoken\verify.js:97:14)
    at module.exports [as verify] (C:\Users\ZJY\Desktop\vue3 + koa2 + ElementPlus 后台管理系统\koa\manager-server\node_modules\jsonwebtoken\verify.js:101:10)
    at C:\Users\ZJY\Desktop\vue3 + koa2 + ElementPlus 后台管理系统\koa\manager-server\app.js:53:23
    at dispatch (C:\Users\ZJY\Desktop\vue3 + koa2 + ElementPlus 后台管理系统\koa\manager-server\node_modules\koa-compose\index.js:44:32)
    at next (C:\Users\ZJY\Desktop\vue3 + koa2 + ElementPlus 后台管理系统\koa\manager-server\node_modules\koa-compose\index.js:45:18)
    at C:\Users\ZJY\Desktop\vue3 + koa2 + ElementPlus 后台管理系统\koa\manager-server\node_modules\koa-router\lib\router.js:346:16
    at dispatch (C:\Users\ZJY\Desktop\vue3 + koa2 + ElementPlus 后台管理系统\koa\manager-server\node_modules\koa-compose\index.js:44:32)
    at C:\Users\ZJY\Desktop\vue3 + koa2 + ElementPlus 后台管理系统\koa\manager-server\node_modules\koa-compose\index.js:36:12
    at dispatch (C:\Users\ZJY\Desktop\vue3 + koa2 + ElementPlus 后台管理系统\koa\manager-server\node_modules\koa-router\lib\router.js:351:31)
    at dispatch (C:\Users\ZJY\Desktop\vue3 + koa2 + ElementPlus 后台管理系统\koa\manager-server\node_modules\koa\node_modules\koa-compose\index.js:42:32)
    at C:\Users\ZJY\Desktop\vue3 + koa2 + ElementPlus 后台管理系统\koa\manager-server\app.js:39:9
    at dispatch (C:\Users\ZJY\Desktop\vue3 + koa2 + ElementPlus 后台管理系统\koa\manager-server\node_modules\koa\node_modules\koa-compose\index.js:42:32)
    at views (C:\Users\ZJY\Desktop\vue3 + koa2 + ElementPlus 后台管理系统\koa\manager-server\node_modules\koa-views\src\index.js:91:12)
    at dispatch (C:\Users\ZJY\Desktop\vue3 + koa2 + ElementPlus 后台管理系统\koa\manager-server\node_modules\koa\node_modules\koa-compose\index.js:42:32)
    at serve (C:\Users\ZJY\Desktop\vue3 + koa2 + ElementPlus 后台管理系统\koa\manager-server\node_modules\koa-static\index.js:53:15)
[2023-05-20T18:02:08.016] [ERROR] error - UnauthorizedError: Authentication Error
    at Object.throw (C:\Users\ZJY\Desktop\vue3 + koa2 + ElementPlus 后台管理系统\koa\manager-server\node_modules\koa\lib\context.js:97:11)
    at jwt (C:\Users\ZJY\Desktop\vue3 + koa2 + ElementPlus 后台管理系统\koa\manager-server\node_modules\koa-jwt\lib\index.js:66:26)
    at async C:\Users\ZJY\Desktop\vue3 + koa2 + ElementPlus 后台管理系统\koa\manager-server\app.js:40:3
    at async serve (C:\Users\ZJY\Desktop\vue3 + koa2 + ElementPlus 后台管理系统\koa\manager-server\node_modules\koa-static\index.js:53:9)
    at async logger (C:\Users\ZJY\Desktop\vue3 + koa2 + ElementPlus 后台管理系统\koa\manager-server\node_modules\koa-logger\index.js:67:7)
    at async bodyParser (C:\Users\ZJY\Desktop\vue3 + koa2 + ElementPlus 后台管理系统\koa\manager-server\node_modules\koa-bodyparser\index.js:91:5)
[2023-05-20T18:02:08.038] [ERROR] error - UnauthorizedError: Authentication Error
    at Object.throw (C:\Users\ZJY\Desktop\vue3 + koa2 + ElementPlus 后台管理系统\koa\manager-server\node_modules\koa\lib\context.js:97:11)
    at jwt (C:\Users\ZJY\Desktop\vue3 + koa2 + ElementPlus 后台管理系统\koa\manager-server\node_modules\koa-jwt\lib\index.js:66:26)
    at async C:\Users\ZJY\Desktop\vue3 + koa2 + ElementPlus 后台管理系统\koa\manager-server\app.js:40:3
    at async serve (C:\Users\ZJY\Desktop\vue3 + koa2 + ElementPlus 后台管理系统\koa\manager-server\node_modules\koa-static\index.js:53:9)
    at async logger (C:\Users\ZJY\Desktop\vue3 + koa2 + ElementPlus 后台管理系统\koa\manager-server\node_modules\koa-logger\index.js:67:7)
    at async bodyParser (C:\Users\ZJY\Desktop\vue3 + koa2 + ElementPlus 后台管理系统\koa\manager-server\node_modules\koa-bodyparser\index.js:91:5)
[2023-05-20T18:04:56.647] [ERROR] error - ReferenceError: err is not defined
    at C:\Users\ZJY\Desktop\vue3 + koa2 + ElementPlus 后台管理系统\koa\manager-server\app.js:42:5
    at async C:\Users\ZJY\Desktop\vue3 + koa2 + ElementPlus 后台管理系统\koa\manager-server\app.js:41:3
    at async serve (C:\Users\ZJY\Desktop\vue3 + koa2 + ElementPlus 后台管理系统\koa\manager-server\node_modules\koa-static\index.js:53:9)
    at async logger (C:\Users\ZJY\Desktop\vue3 + koa2 + ElementPlus 后台管理系统\koa\manager-server\node_modules\koa-logger\index.js:67:7)
    at async bodyParser (C:\Users\ZJY\Desktop\vue3 + koa2 + ElementPlus 后台管理系统\koa\manager-server\node_modules\koa-bodyparser\index.js:91:5)
[2023-05-20T18:04:56.663] [ERROR] error - ReferenceError: err is not defined
    at C:\Users\ZJY\Desktop\vue3 + koa2 + ElementPlus 后台管理系统\koa\manager-server\app.js:42:5
    at async C:\Users\ZJY\Desktop\vue3 + koa2 + ElementPlus 后台管理系统\koa\manager-server\app.js:41:3
    at async serve (C:\Users\ZJY\Desktop\vue3 + koa2 + ElementPlus 后台管理系统\koa\manager-server\node_modules\koa-static\index.js:53:9)
    at async logger (C:\Users\ZJY\Desktop\vue3 + koa2 + ElementPlus 后台管理系统\koa\manager-server\node_modules\koa-logger\index.js:67:7)
    at async bodyParser (C:\Users\ZJY\Desktop\vue3 + koa2 + ElementPlus 后台管理系统\koa\manager-server\node_modules\koa-bodyparser\index.js:91:5)
[2023-05-20T18:05:31.267] [ERROR] error - ReferenceError: err is not defined
    at C:\Users\ZJY\Desktop\vue3 + koa2 + ElementPlus 后台管理系统\koa\manager-server\app.js:42:5
    at async C:\Users\ZJY\Desktop\vue3 + koa2 + ElementPlus 后台管理系统\koa\manager-server\app.js:41:3
    at async serve (C:\Users\ZJY\Desktop\vue3 + koa2 + ElementPlus 后台管理系统\koa\manager-server\node_modules\koa-static\index.js:53:9)
    at async logger (C:\Users\ZJY\Desktop\vue3 + koa2 + ElementPlus 后台管理系统\koa\manager-server\node_modules\koa-logger\index.js:67:7)
    at async bodyParser (C:\Users\ZJY\Desktop\vue3 + koa2 + ElementPlus 后台管理系统\koa\manager-server\node_modules\koa-bodyparser\index.js:91:5)
[2023-05-20T18:05:31.282] [ERROR] error - ReferenceError: err is not defined
    at C:\Users\ZJY\Desktop\vue3 + koa2 + ElementPlus 后台管理系统\koa\manager-server\app.js:42:5
    at async C:\Users\ZJY\Desktop\vue3 + koa2 + ElementPlus 后台管理系统\koa\manager-server\app.js:41:3
    at async serve (C:\Users\ZJY\Desktop\vue3 + koa2 + ElementPlus 后台管理系统\koa\manager-server\node_modules\koa-static\index.js:53:9)
    at async logger (C:\Users\ZJY\Desktop\vue3 + koa2 + ElementPlus 后台管理系统\koa\manager-server\node_modules\koa-logger\index.js:67:7)
    at async bodyParser (C:\Users\ZJY\Desktop\vue3 + koa2 + ElementPlus 后台管理系统\koa\manager-server\node_modules\koa-bodyparser\index.js:91:5)
[2023-05-20T18:06:22.321] [ERROR] error - ReferenceError: err is not defined
    at C:\Users\ZJY\Desktop\vue3 + koa2 + ElementPlus 后台管理系统\koa\manager-server\app.js:42:5
    at async C:\Users\ZJY\Desktop\vue3 + koa2 + ElementPlus 后台管理系统\koa\manager-server\app.js:41:3
    at async serve (C:\Users\ZJY\Desktop\vue3 + koa2 + ElementPlus 后台管理系统\koa\manager-server\node_modules\koa-static\index.js:53:9)
    at async logger (C:\Users\ZJY\Desktop\vue3 + koa2 + ElementPlus 后台管理系统\koa\manager-server\node_modules\koa-logger\index.js:67:7)
    at async bodyParser (C:\Users\ZJY\Desktop\vue3 + koa2 + ElementPlus 后台管理系统\koa\manager-server\node_modules\koa-bodyparser\index.js:91:5)
[2023-05-20T18:06:22.336] [ERROR] error - ReferenceError: err is not defined
    at C:\Users\ZJY\Desktop\vue3 + koa2 + ElementPlus 后台管理系统\koa\manager-server\app.js:42:5
    at async C:\Users\ZJY\Desktop\vue3 + koa2 + ElementPlus 后台管理系统\koa\manager-server\app.js:41:3
    at async serve (C:\Users\ZJY\Desktop\vue3 + koa2 + ElementPlus 后台管理系统\koa\manager-server\node_modules\koa-static\index.js:53:9)
    at async logger (C:\Users\ZJY\Desktop\vue3 + koa2 + ElementPlus 后台管理系统\koa\manager-server\node_modules\koa-logger\index.js:67:7)
    at async bodyParser (C:\Users\ZJY\Desktop\vue3 + koa2 + ElementPlus 后台管理系统\koa\manager-server\node_modules\koa-bodyparser\index.js:91:5)
[2023-05-20T18:06:23.894] [ERROR] error - ReferenceError: err is not defined
    at C:\Users\ZJY\Desktop\vue3 + koa2 + ElementPlus 后台管理系统\koa\manager-server\app.js:42:5
    at async C:\Users\ZJY\Desktop\vue3 + koa2 + ElementPlus 后台管理系统\koa\manager-server\app.js:41:3
    at async serve (C:\Users\ZJY\Desktop\vue3 + koa2 + ElementPlus 后台管理系统\koa\manager-server\node_modules\koa-static\index.js:53:9)
    at async logger (C:\Users\ZJY\Desktop\vue3 + koa2 + ElementPlus 后台管理系统\koa\manager-server\node_modules\koa-logger\index.js:67:7)
    at async bodyParser (C:\Users\ZJY\Desktop\vue3 + koa2 + ElementPlus 后台管理系统\koa\manager-server\node_modules\koa-bodyparser\index.js:91:5)
[2023-05-20T18:07:09.701] [ERROR] error - TypeError: Cannot read properties of undefined (reading 'CODE')
    at C:\Users\ZJY\Desktop\vue3 + koa2 + ElementPlus 后台管理系统\koa\manager-server\app.js:44:45
    at async C:\Users\ZJY\Desktop\vue3 + koa2 + ElementPlus 后台管理系统\koa\manager-server\app.js:41:3
    at async serve (C:\Users\ZJY\Desktop\vue3 + koa2 + ElementPlus 后台管理系统\koa\manager-server\node_modules\koa-static\index.js:53:9)
    at async logger (C:\Users\ZJY\Desktop\vue3 + koa2 + ElementPlus 后台管理系统\koa\manager-server\node_modules\koa-logger\index.js:67:7)
    at async bodyParser (C:\Users\ZJY\Desktop\vue3 + koa2 + ElementPlus 后台管理系统\koa\manager-server\node_modules\koa-bodyparser\index.js:91:5)
[2023-05-20T18:07:09.719] [ERROR] error - TypeError: Cannot read properties of undefined (reading 'CODE')
    at C:\Users\ZJY\Desktop\vue3 + koa2 + ElementPlus 后台管理系统\koa\manager-server\app.js:44:45
    at async C:\Users\ZJY\Desktop\vue3 + koa2 + ElementPlus 后台管理系统\koa\manager-server\app.js:41:3
    at async serve (C:\Users\ZJY\Desktop\vue3 + koa2 + ElementPlus 后台管理系统\koa\manager-server\node_modules\koa-static\index.js:53:9)
    at async logger (C:\Users\ZJY\Desktop\vue3 + koa2 + ElementPlus 后台管理系统\koa\manager-server\node_modules\koa-logger\index.js:67:7)
    at async bodyParser (C:\Users\ZJY\Desktop\vue3 + koa2 + ElementPlus 后台管理系统\koa\manager-server\node_modules\koa-bodyparser\index.js:91:5)
[2023-05-20T18:07:10.680] [ERROR] error - TypeError: Cannot read properties of undefined (reading 'CODE')
    at C:\Users\ZJY\Desktop\vue3 + koa2 + ElementPlus 后台管理系统\koa\manager-server\app.js:44:45
    at async C:\Users\ZJY\Desktop\vue3 + koa2 + ElementPlus 后台管理系统\koa\manager-server\app.js:41:3
    at async serve (C:\Users\ZJY\Desktop\vue3 + koa2 + ElementPlus 后台管理系统\koa\manager-server\node_modules\koa-static\index.js:53:9)
    at async logger (C:\Users\ZJY\Desktop\vue3 + koa2 + ElementPlus 后台管理系统\koa\manager-server\node_modules\koa-logger\index.js:67:7)
    at async bodyParser (C:\Users\ZJY\Desktop\vue3 + koa2 + ElementPlus 后台管理系统\koa\manager-server\node_modules\koa-bodyparser\index.js:91:5)
