[2023-09-17T23:07:48.400] [ERROR] error - MongoServerError: there are no users authenticated
    at Connection.onMessage (C:\Users\ZJY\Desktop\vue3 + koa2 + ElementPlus 后台管理系统\koa2-project\node_modules\mongodb\lib\cmap\connection.js:201:30)
    at MessageStream.<anonymous> (C:\Users\ZJY\Desktop\vue3 + koa2 + ElementPlus 后台管理系统\koa2-project\node_modules\mongodb\lib\cmap\connection.js:59:60)
    at MessageStream.emit (node:events:513:28)
    at processIncomingData (C:\Users\ZJY\Desktop\vue3 + koa2 + ElementPlus 后台管理系统\koa2-project\node_modules\mongodb\lib\cmap\message_stream.js:124:16)
    at MessageStream._write (C:\Users\ZJY\Desktop\vue3 + koa2 + ElementPlus 后台管理系统\koa2-project\node_modules\mongodb\lib\cmap\message_stream.js:33:9)
    at writeOrBuffer (node:internal/streams/writable:391:12)
    at _write (node:internal/streams/writable:332:10)
    at MessageStream.Writable.write (node:internal/streams/writable:336:10)
    at Socket.ondata (node:internal/streams/readable:754:22)
    at Socket.emit (node:events:513:28)
    at addChunk (node:internal/streams/readable:315:12)
    at readableAddChunk (node:internal/streams/readable:289:9)
    at Socket.Readable.push (node:internal/streams/readable:228:10)
    at TCP.onStreamRead (node:internal/stream_base_commons:190:23)
[2023-09-17T23:07:48.490] [ERROR] error - MongoServerError: there are no users authenticated
    at Connection.onMessage (C:\Users\ZJY\Desktop\vue3 + koa2 + ElementPlus 后台管理系统\koa2-project\node_modules\mongodb\lib\cmap\connection.js:201:30)
    at MessageStream.<anonymous> (C:\Users\ZJY\Desktop\vue3 + koa2 + ElementPlus 后台管理系统\koa2-project\node_modules\mongodb\lib\cmap\connection.js:59:60)
    at MessageStream.emit (node:events:513:28)
    at processIncomingData (C:\Users\ZJY\Desktop\vue3 + koa2 + ElementPlus 后台管理系统\koa2-project\node_modules\mongodb\lib\cmap\message_stream.js:124:16)
    at MessageStream._write (C:\Users\ZJY\Desktop\vue3 + koa2 + ElementPlus 后台管理系统\koa2-project\node_modules\mongodb\lib\cmap\message_stream.js:33:9)
    at writeOrBuffer (node:internal/streams/writable:391:12)
    at _write (node:internal/streams/writable:332:10)
    at MessageStream.Writable.write (node:internal/streams/writable:336:10)
    at Socket.ondata (node:internal/streams/readable:754:22)
    at Socket.emit (node:events:513:28)
    at addChunk (node:internal/streams/readable:315:12)
    at readableAddChunk (node:internal/streams/readable:289:9)
    at Socket.Readable.push (node:internal/streams/readable:228:10)
    at TCP.onStreamRead (node:internal/stream_base_commons:190:23)
[2023-09-17T23:07:48.505] [ERROR] error - MongoServerError: there are no users authenticated
    at Connection.onMessage (C:\Users\ZJY\Desktop\vue3 + koa2 + ElementPlus 后台管理系统\koa2-project\node_modules\mongodb\lib\cmap\connection.js:201:30)
    at MessageStream.<anonymous> (C:\Users\ZJY\Desktop\vue3 + koa2 + ElementPlus 后台管理系统\koa2-project\node_modules\mongodb\lib\cmap\connection.js:59:60)
    at MessageStream.emit (node:events:513:28)
    at processIncomingData (C:\Users\ZJY\Desktop\vue3 + koa2 + ElementPlus 后台管理系统\koa2-project\node_modules\mongodb\lib\cmap\message_stream.js:124:16)
    at MessageStream._write (C:\Users\ZJY\Desktop\vue3 + koa2 + ElementPlus 后台管理系统\koa2-project\node_modules\mongodb\lib\cmap\message_stream.js:33:9)
    at writeOrBuffer (node:internal/streams/writable:391:12)
    at _write (node:internal/streams/writable:332:10)
    at MessageStream.Writable.write (node:internal/streams/writable:336:10)
    at Socket.ondata (node:internal/streams/readable:754:22)
    at Socket.emit (node:events:513:28)
    at addChunk (node:internal/streams/readable:315:12)
    at readableAddChunk (node:internal/streams/readable:289:9)
    at Socket.Readable.push (node:internal/streams/readable:228:10)
    at TCP.onStreamRead (node:internal/stream_base_commons:190:23)
