[2023-05-29T11:40:00.544] [ERROR] error - TypeError: ctx.fail is not a function
    at C:\Users\ZJY\Desktop\vue3 + koa2 + ElementPlus 后台管理系统\koa\manager-server\routes\roles.js:72:9
    at dispatch (C:\Users\ZJY\Desktop\vue3 + koa2 + ElementPlus 后台管理系统\koa\manager-server\node_modules\koa-compose\index.js:44:32)
    at next (C:\Users\ZJY\Desktop\vue3 + koa2 + ElementPlus 后台管理系统\koa\manager-server\node_modules\koa-compose\index.js:45:18)
    at C:\Users\ZJY\Desktop\vue3 + koa2 + ElementPlus 后台管理系统\koa\manager-server\node_modules\koa-router\lib\router.js:346:16
    at dispatch (C:\Users\ZJY\Desktop\vue3 + koa2 + ElementPlus 后台管理系统\koa\manager-server\node_modules\koa-compose\index.js:44:32)
    at next (C:\Users\ZJY\Desktop\vue3 + koa2 + ElementPlus 后台管理系统\koa\manager-server\node_modules\koa-compose\index.js:45:18)
    at allowedMethods (C:\Users\ZJY\Desktop\vue3 + koa2 + ElementPlus 后台管理系统\koa\manager-server\node_modules\koa-router\lib\router.js:407:12)
    at dispatch (C:\Users\ZJY\Desktop\vue3 + koa2 + ElementPlus 后台管理系统\koa\manager-server\node_modules\koa-compose\index.js:44:32)
    at next (C:\Users\ZJY\Desktop\vue3 + koa2 + ElementPlus 后台管理系统\koa\manager-server\node_modules\koa-compose\index.js:45:18)
    at C:\Users\ZJY\Desktop\vue3 + koa2 + ElementPlus 后台管理系统\koa\manager-server\node_modules\koa-router\lib\router.js:346:16
    at dispatch (C:\Users\ZJY\Desktop\vue3 + koa2 + ElementPlus 后台管理系统\koa\manager-server\node_modules\koa-compose\index.js:44:32)
    at next (C:\Users\ZJY\Desktop\vue3 + koa2 + ElementPlus 后台管理系统\koa\manager-server\node_modules\koa-compose\index.js:45:18)
    at allowedMethods (C:\Users\ZJY\Desktop\vue3 + koa2 + ElementPlus 后台管理系统\koa\manager-server\node_modules\koa-router\lib\router.js:407:12)
    at dispatch (C:\Users\ZJY\Desktop\vue3 + koa2 + ElementPlus 后台管理系统\koa\manager-server\node_modules\koa-compose\index.js:44:32)
    at next (C:\Users\ZJY\Desktop\vue3 + koa2 + ElementPlus 后台管理系统\koa\manager-server\node_modules\koa-compose\index.js:45:18)
    at C:\Users\ZJY\Desktop\vue3 + koa2 + ElementPlus 后台管理系统\koa\manager-server\node_modules\koa-router\lib\router.js:346:16
[2023-05-29T23:03:16.447] [ERROR] error - ReferenceError: ctx is not defined
    at C:\Users\ZJY\Desktop\vue3 + koa2 + ElementPlus 后台管理系统\koa\manager-server\routes\users.js:132:5
    at process.processTicksAndRejections (node:internal/process/task_queues:95:5)
    at async C:\Users\ZJY\Desktop\vue3 + koa2 + ElementPlus 后台管理系统\koa\manager-server\app.js:45:3
    at async serve (C:\Users\ZJY\Desktop\vue3 + koa2 + ElementPlus 后台管理系统\koa\manager-server\node_modules\koa-static\index.js:53:9)
    at async logger (C:\Users\ZJY\Desktop\vue3 + koa2 + ElementPlus 后台管理系统\koa\manager-server\node_modules\koa-logger\index.js:67:7)
    at async bodyParser (C:\Users\ZJY\Desktop\vue3 + koa2 + ElementPlus 后台管理系统\koa\manager-server\node_modules\koa-bodyparser\index.js:91:5)
[2023-05-29T23:03:18.513] [ERROR] error - ReferenceError: ctx is not defined
    at C:\Users\ZJY\Desktop\vue3 + koa2 + ElementPlus 后台管理系统\koa\manager-server\routes\users.js:132:5
    at process.processTicksAndRejections (node:internal/process/task_queues:95:5)
    at async C:\Users\ZJY\Desktop\vue3 + koa2 + ElementPlus 后台管理系统\koa\manager-server\app.js:45:3
    at async serve (C:\Users\ZJY\Desktop\vue3 + koa2 + ElementPlus 后台管理系统\koa\manager-server\node_modules\koa-static\index.js:53:9)
    at async logger (C:\Users\ZJY\Desktop\vue3 + koa2 + ElementPlus 后台管理系统\koa\manager-server\node_modules\koa-logger\index.js:67:7)
    at async bodyParser (C:\Users\ZJY\Desktop\vue3 + koa2 + ElementPlus 后台管理系统\koa\manager-server\node_modules\koa-bodyparser\index.js:91:5)
[2023-05-29T23:03:46.979] [ERROR] error - ReferenceError: ctx is not defined
    at C:\Users\ZJY\Desktop\vue3 + koa2 + ElementPlus 后台管理系统\koa\manager-server\routes\users.js:132:5
    at process.processTicksAndRejections (node:internal/process/task_queues:95:5)
    at async C:\Users\ZJY\Desktop\vue3 + koa2 + ElementPlus 后台管理系统\koa\manager-server\app.js:45:3
    at async serve (C:\Users\ZJY\Desktop\vue3 + koa2 + ElementPlus 后台管理系统\koa\manager-server\node_modules\koa-static\index.js:53:9)
    at async logger (C:\Users\ZJY\Desktop\vue3 + koa2 + ElementPlus 后台管理系统\koa\manager-server\node_modules\koa-logger\index.js:67:7)
    at async bodyParser (C:\Users\ZJY\Desktop\vue3 + koa2 + ElementPlus 后台管理系统\koa\manager-server\node_modules\koa-bodyparser\index.js:91:5)
