[2023-05-23T17:04:28.165] [ERROR] error - ReferenceError: shipIndex is not defined
    at C:\Users\ZJY\Desktop\vue3 + koa2 + ElementPlus 后台管理系统\koa\manager-server\routes\users.js:52:33
    at dispatch (C:\Users\ZJY\Desktop\vue3 + koa2 + ElementPlus 后台管理系统\koa\manager-server\node_modules\koa-compose\index.js:44:32)
    at next (C:\Users\ZJY\Desktop\vue3 + koa2 + ElementPlus 后台管理系统\koa\manager-server\node_modules\koa-compose\index.js:45:18)
    at C:\Users\ZJY\Desktop\vue3 + koa2 + ElementPlus 后台管理系统\koa\manager-server\node_modules\koa-router\lib\router.js:346:16
    at dispatch (C:\Users\ZJY\Desktop\vue3 + koa2 + ElementPlus 后台管理系统\koa\manager-server\node_modules\koa-compose\index.js:44:32)
    at C:\Users\ZJY\Desktop\vue3 + koa2 + ElementPlus 后台管理系统\koa\manager-server\node_modules\koa-compose\index.js:36:12
    at dispatch (C:\Users\ZJY\Desktop\vue3 + koa2 + ElementPlus 后台管理系统\koa\manager-server\node_modules\koa-router\lib\router.js:351:31)
    at dispatch (C:\Users\ZJY\Desktop\vue3 + koa2 + ElementPlus 后台管理系统\koa\manager-server\node_modules\koa\node_modules\koa-compose\index.js:42:32)
    at jwt (C:\Users\ZJY\Desktop\vue3 + koa2 + ElementPlus 后台管理系统\koa\manager-server\node_modules\koa-jwt\lib\index.js:73:16)
    at async C:\Users\ZJY\Desktop\vue3 + koa2 + ElementPlus 后台管理系统\koa\manager-server\app.js:41:3
    at async serve (C:\Users\ZJY\Desktop\vue3 + koa2 + ElementPlus 后台管理系统\koa\manager-server\node_modules\koa-static\index.js:53:9)
    at async logger (C:\Users\ZJY\Desktop\vue3 + koa2 + ElementPlus 后台管理系统\koa\manager-server\node_modules\koa-logger\index.js:67:7)
    at async bodyParser (C:\Users\ZJY\Desktop\vue3 + koa2 + ElementPlus 后台管理系统\koa\manager-server\node_modules\koa-bodyparser\index.js:91:5)
[2023-05-23T17:04:57.988] [ERROR] error - ReferenceError: shipIndex is not defined
    at C:\Users\ZJY\Desktop\vue3 + koa2 + ElementPlus 后台管理系统\koa\manager-server\routes\users.js:52:33
    at dispatch (C:\Users\ZJY\Desktop\vue3 + koa2 + ElementPlus 后台管理系统\koa\manager-server\node_modules\koa-compose\index.js:44:32)
    at next (C:\Users\ZJY\Desktop\vue3 + koa2 + ElementPlus 后台管理系统\koa\manager-server\node_modules\koa-compose\index.js:45:18)
    at C:\Users\ZJY\Desktop\vue3 + koa2 + ElementPlus 后台管理系统\koa\manager-server\node_modules\koa-router\lib\router.js:346:16
    at dispatch (C:\Users\ZJY\Desktop\vue3 + koa2 + ElementPlus 后台管理系统\koa\manager-server\node_modules\koa-compose\index.js:44:32)
    at C:\Users\ZJY\Desktop\vue3 + koa2 + ElementPlus 后台管理系统\koa\manager-server\node_modules\koa-compose\index.js:36:12
    at dispatch (C:\Users\ZJY\Desktop\vue3 + koa2 + ElementPlus 后台管理系统\koa\manager-server\node_modules\koa-router\lib\router.js:351:31)
    at dispatch (C:\Users\ZJY\Desktop\vue3 + koa2 + ElementPlus 后台管理系统\koa\manager-server\node_modules\koa\node_modules\koa-compose\index.js:42:32)
    at jwt (C:\Users\ZJY\Desktop\vue3 + koa2 + ElementPlus 后台管理系统\koa\manager-server\node_modules\koa-jwt\lib\index.js:73:16)
    at async C:\Users\ZJY\Desktop\vue3 + koa2 + ElementPlus 后台管理系统\koa\manager-server\app.js:41:3
    at async serve (C:\Users\ZJY\Desktop\vue3 + koa2 + ElementPlus 后台管理系统\koa\manager-server\node_modules\koa-static\index.js:53:9)
    at async logger (C:\Users\ZJY\Desktop\vue3 + koa2 + ElementPlus 后台管理系统\koa\manager-server\node_modules\koa-logger\index.js:67:7)
    at async bodyParser (C:\Users\ZJY\Desktop\vue3 + koa2 + ElementPlus 后台管理系统\koa\manager-server\node_modules\koa-bodyparser\index.js:91:5)
[2023-05-23T17:06:22.723] [ERROR] error - ReferenceError: skipIndex is not defined
    at C:\Users\ZJY\Desktop\vue3 + koa2 + ElementPlus 后台管理系统\koa\manager-server\routes\users.js:52:33
    at dispatch (C:\Users\ZJY\Desktop\vue3 + koa2 + ElementPlus 后台管理系统\koa\manager-server\node_modules\koa-compose\index.js:44:32)
    at next (C:\Users\ZJY\Desktop\vue3 + koa2 + ElementPlus 后台管理系统\koa\manager-server\node_modules\koa-compose\index.js:45:18)
    at C:\Users\ZJY\Desktop\vue3 + koa2 + ElementPlus 后台管理系统\koa\manager-server\node_modules\koa-router\lib\router.js:346:16
    at dispatch (C:\Users\ZJY\Desktop\vue3 + koa2 + ElementPlus 后台管理系统\koa\manager-server\node_modules\koa-compose\index.js:44:32)
    at C:\Users\ZJY\Desktop\vue3 + koa2 + ElementPlus 后台管理系统\koa\manager-server\node_modules\koa-compose\index.js:36:12
    at dispatch (C:\Users\ZJY\Desktop\vue3 + koa2 + ElementPlus 后台管理系统\koa\manager-server\node_modules\koa-router\lib\router.js:351:31)
    at dispatch (C:\Users\ZJY\Desktop\vue3 + koa2 + ElementPlus 后台管理系统\koa\manager-server\node_modules\koa\node_modules\koa-compose\index.js:42:32)
    at jwt (C:\Users\ZJY\Desktop\vue3 + koa2 + ElementPlus 后台管理系统\koa\manager-server\node_modules\koa-jwt\lib\index.js:73:16)
    at async C:\Users\ZJY\Desktop\vue3 + koa2 + ElementPlus 后台管理系统\koa\manager-server\app.js:41:3
    at async serve (C:\Users\ZJY\Desktop\vue3 + koa2 + ElementPlus 后台管理系统\koa\manager-server\node_modules\koa-static\index.js:53:9)
    at async logger (C:\Users\ZJY\Desktop\vue3 + koa2 + ElementPlus 后台管理系统\koa\manager-server\node_modules\koa-logger\index.js:67:7)
    at async bodyParser (C:\Users\ZJY\Desktop\vue3 + koa2 + ElementPlus 后台管理系统\koa\manager-server\node_modules\koa-bodyparser\index.js:91:5)
[2023-05-23T21:30:33.638] [ERROR] error - TypeError: Cannot read properties of undefined (reading 'length')
    at C:\Users\ZJY\Desktop\vue3 + koa2 + ElementPlus 后台管理系统\koa\manager-server\routes\users.js:88:15
    at dispatch (C:\Users\ZJY\Desktop\vue3 + koa2 + ElementPlus 后台管理系统\koa\manager-server\node_modules\koa-compose\index.js:44:32)
    at next (C:\Users\ZJY\Desktop\vue3 + koa2 + ElementPlus 后台管理系统\koa\manager-server\node_modules\koa-compose\index.js:45:18)
    at C:\Users\ZJY\Desktop\vue3 + koa2 + ElementPlus 后台管理系统\koa\manager-server\node_modules\koa-router\lib\router.js:346:16
    at dispatch (C:\Users\ZJY\Desktop\vue3 + koa2 + ElementPlus 后台管理系统\koa\manager-server\node_modules\koa-compose\index.js:44:32)
    at C:\Users\ZJY\Desktop\vue3 + koa2 + ElementPlus 后台管理系统\koa\manager-server\node_modules\koa-compose\index.js:36:12
    at dispatch (C:\Users\ZJY\Desktop\vue3 + koa2 + ElementPlus 后台管理系统\koa\manager-server\node_modules\koa-router\lib\router.js:351:31)
    at dispatch (C:\Users\ZJY\Desktop\vue3 + koa2 + ElementPlus 后台管理系统\koa\manager-server\node_modules\koa\node_modules\koa-compose\index.js:42:32)
    at jwt (C:\Users\ZJY\Desktop\vue3 + koa2 + ElementPlus 后台管理系统\koa\manager-server\node_modules\koa-jwt\lib\index.js:73:16)
    at process.processTicksAndRejections (node:internal/process/task_queues:95:5)
    at async C:\Users\ZJY\Desktop\vue3 + koa2 + ElementPlus 后台管理系统\koa\manager-server\app.js:41:3
    at async serve (C:\Users\ZJY\Desktop\vue3 + koa2 + ElementPlus 后台管理系统\koa\manager-server\node_modules\koa-static\index.js:53:9)
    at async logger (C:\Users\ZJY\Desktop\vue3 + koa2 + ElementPlus 后台管理系统\koa\manager-server\node_modules\koa-logger\index.js:67:7)
    at async bodyParser (C:\Users\ZJY\Desktop\vue3 + koa2 + ElementPlus 后台管理系统\koa\manager-server\node_modules\koa-bodyparser\index.js:91:5)
