[2023-06-01T22:30:08.138] [ERROR] error - TypeError: Cannot read properties of undefined (reading 'slice')
    at getTreeDept (C:\Users\ZJY\Desktop\vue3 + koa2 + ElementPlus 后台管理系统\koa\manager-server\routes\depts.js:26:34)
    at C:\Users\ZJY\Desktop\vue3 + koa2 + ElementPlus 后台管理系统\koa\manager-server\routes\depts.js:18:24
    at process.processTicksAndRejections (node:internal/process/task_queues:95:5)
    at async C:\Users\ZJY\Desktop\vue3 + koa2 + ElementPlus 后台管理系统\koa\manager-server\app.js:47:3
    at async serve (C:\Users\ZJY\Desktop\vue3 + koa2 + ElementPlus 后台管理系统\koa\manager-server\node_modules\koa-static\index.js:53:9)
    at async logger (C:\Users\ZJY\Desktop\vue3 + koa2 + ElementPlus 后台管理系统\koa\manager-server\node_modules\koa-logger\index.js:67:7)
    at async bodyParser (C:\Users\ZJY\Desktop\vue3 + koa2 + ElementPlus 后台管理系统\koa\manager-server\node_modules\koa-bodyparser\index.js:91:5)
[2023-06-01T22:30:08.532] [ERROR] error - TypeError: Cannot read properties of undefined (reading 'slice')
    at getTreeDept (C:\Users\ZJY\Desktop\vue3 + koa2 + ElementPlus 后台管理系统\koa\manager-server\routes\depts.js:26:34)
    at C:\Users\ZJY\Desktop\vue3 + koa2 + ElementPlus 后台管理系统\koa\manager-server\routes\depts.js:18:24
    at process.processTicksAndRejections (node:internal/process/task_queues:95:5)
    at async C:\Users\ZJY\Desktop\vue3 + koa2 + ElementPlus 后台管理系统\koa\manager-server\app.js:47:3
    at async serve (C:\Users\ZJY\Desktop\vue3 + koa2 + ElementPlus 后台管理系统\koa\manager-server\node_modules\koa-static\index.js:53:9)
    at async logger (C:\Users\ZJY\Desktop\vue3 + koa2 + ElementPlus 后台管理系统\koa\manager-server\node_modules\koa-logger\index.js:67:7)
    at async bodyParser (C:\Users\ZJY\Desktop\vue3 + koa2 + ElementPlus 后台管理系统\koa\manager-server\node_modules\koa-bodyparser\index.js:91:5)
[2023-06-01T23:34:41.900] [ERROR] error - ValidationError: leaves validation failed: orderNo: Cast to Number failed for value "XJ202306010" (type string) at path "orderNo"
    at Document.invalidate (C:\Users\ZJY\Desktop\vue3 + koa2 + ElementPlus 后台管理系统\koa\manager-server\node_modules\mongoose\lib\document.js:3087:32)
    at model.$set (C:\Users\ZJY\Desktop\vue3 + koa2 + ElementPlus 后台管理系统\koa\manager-server\node_modules\mongoose\lib\document.js:1428:12)
    at model.$set (C:\Users\ZJY\Desktop\vue3 + koa2 + ElementPlus 后台管理系统\koa\manager-server\node_modules\mongoose\lib\document.js:1111:16)
    at model.Document (C:\Users\ZJY\Desktop\vue3 + koa2 + ElementPlus 后台管理系统\koa\manager-server\node_modules\mongoose\lib\document.js:164:12)
    at model.Model (C:\Users\ZJY\Desktop\vue3 + koa2 + ElementPlus 后台管理系统\koa\manager-server\node_modules\mongoose\lib\model.js:121:12)
    at new model (C:\Users\ZJY\Desktop\vue3 + koa2 + ElementPlus 后台管理系统\koa\manager-server\node_modules\mongoose\lib\model.js:4490:15)
    at C:\Users\ZJY\Desktop\vue3 + koa2 + ElementPlus 后台管理系统\koa\manager-server\node_modules\mongoose\lib\model.js:2823:16
    at Array.map (<anonymous>)
    at Function.create (C:\Users\ZJY\Desktop\vue3 + koa2 + ElementPlus 后台管理系统\koa\manager-server\node_modules\mongoose\lib\model.js:2812:38)
    at C:\Users\ZJY\Desktop\vue3 + koa2 + ElementPlus 后台管理系统\koa\manager-server\routes\leaves.js:75:27
    at process.processTicksAndRejections (node:internal/process/task_queues:95:5)
    at async C:\Users\ZJY\Desktop\vue3 + koa2 + ElementPlus 后台管理系统\koa\manager-server\app.js:47:3
    at async serve (C:\Users\ZJY\Desktop\vue3 + koa2 + ElementPlus 后台管理系统\koa\manager-server\node_modules\koa-static\index.js:53:9)
    at async logger (C:\Users\ZJY\Desktop\vue3 + koa2 + ElementPlus 后台管理系统\koa\manager-server\node_modules\koa-logger\index.js:67:7)
    at async bodyParser (C:\Users\ZJY\Desktop\vue3 + koa2 + ElementPlus 后台管理系统\koa\manager-server\node_modules\koa-bodyparser\index.js:91:5)
[2023-06-01T23:34:54.132] [ERROR] error - ValidationError: leaves validation failed: orderNo: Cast to Number failed for value "XJ202306010" (type string) at path "orderNo"
    at Document.invalidate (C:\Users\ZJY\Desktop\vue3 + koa2 + ElementPlus 后台管理系统\koa\manager-server\node_modules\mongoose\lib\document.js:3087:32)
    at model.$set (C:\Users\ZJY\Desktop\vue3 + koa2 + ElementPlus 后台管理系统\koa\manager-server\node_modules\mongoose\lib\document.js:1428:12)
    at model.$set (C:\Users\ZJY\Desktop\vue3 + koa2 + ElementPlus 后台管理系统\koa\manager-server\node_modules\mongoose\lib\document.js:1111:16)
    at model.Document (C:\Users\ZJY\Desktop\vue3 + koa2 + ElementPlus 后台管理系统\koa\manager-server\node_modules\mongoose\lib\document.js:164:12)
    at model.Model (C:\Users\ZJY\Desktop\vue3 + koa2 + ElementPlus 后台管理系统\koa\manager-server\node_modules\mongoose\lib\model.js:121:12)
    at new model (C:\Users\ZJY\Desktop\vue3 + koa2 + ElementPlus 后台管理系统\koa\manager-server\node_modules\mongoose\lib\model.js:4490:15)
    at C:\Users\ZJY\Desktop\vue3 + koa2 + ElementPlus 后台管理系统\koa\manager-server\node_modules\mongoose\lib\model.js:2823:16
    at Array.map (<anonymous>)
    at Function.create (C:\Users\ZJY\Desktop\vue3 + koa2 + ElementPlus 后台管理系统\koa\manager-server\node_modules\mongoose\lib\model.js:2812:38)
    at C:\Users\ZJY\Desktop\vue3 + koa2 + ElementPlus 后台管理系统\koa\manager-server\routes\leaves.js:75:27
    at process.processTicksAndRejections (node:internal/process/task_queues:95:5)
    at async C:\Users\ZJY\Desktop\vue3 + koa2 + ElementPlus 后台管理系统\koa\manager-server\app.js:47:3
    at async serve (C:\Users\ZJY\Desktop\vue3 + koa2 + ElementPlus 后台管理系统\koa\manager-server\node_modules\koa-static\index.js:53:9)
    at async logger (C:\Users\ZJY\Desktop\vue3 + koa2 + ElementPlus 后台管理系统\koa\manager-server\node_modules\koa-logger\index.js:67:7)
    at async bodyParser (C:\Users\ZJY\Desktop\vue3 + koa2 + ElementPlus 后台管理系统\koa\manager-server\node_modules\koa-bodyparser\index.js:91:5)
[2023-06-01T23:35:40.944] [ERROR] error - ValidationError: leaves validation failed: orderNo: Cast to Number failed for value "XJ202306010" (type string) at path "orderNo"
    at Document.invalidate (C:\Users\ZJY\Desktop\vue3 + koa2 + ElementPlus 后台管理系统\koa\manager-server\node_modules\mongoose\lib\document.js:3087:32)
    at model.$set (C:\Users\ZJY\Desktop\vue3 + koa2 + ElementPlus 后台管理系统\koa\manager-server\node_modules\mongoose\lib\document.js:1428:12)
    at model.$set (C:\Users\ZJY\Desktop\vue3 + koa2 + ElementPlus 后台管理系统\koa\manager-server\node_modules\mongoose\lib\document.js:1111:16)
    at model.Document (C:\Users\ZJY\Desktop\vue3 + koa2 + ElementPlus 后台管理系统\koa\manager-server\node_modules\mongoose\lib\document.js:164:12)
    at model.Model (C:\Users\ZJY\Desktop\vue3 + koa2 + ElementPlus 后台管理系统\koa\manager-server\node_modules\mongoose\lib\model.js:121:12)
    at new model (C:\Users\ZJY\Desktop\vue3 + koa2 + ElementPlus 后台管理系统\koa\manager-server\node_modules\mongoose\lib\model.js:4490:15)
    at C:\Users\ZJY\Desktop\vue3 + koa2 + ElementPlus 后台管理系统\koa\manager-server\node_modules\mongoose\lib\model.js:2823:16
    at Array.map (<anonymous>)
    at Function.create (C:\Users\ZJY\Desktop\vue3 + koa2 + ElementPlus 后台管理系统\koa\manager-server\node_modules\mongoose\lib\model.js:2812:38)
    at C:\Users\ZJY\Desktop\vue3 + koa2 + ElementPlus 后台管理系统\koa\manager-server\routes\leaves.js:75:27
    at process.processTicksAndRejections (node:internal/process/task_queues:95:5)
    at async C:\Users\ZJY\Desktop\vue3 + koa2 + ElementPlus 后台管理系统\koa\manager-server\app.js:47:3
    at async serve (C:\Users\ZJY\Desktop\vue3 + koa2 + ElementPlus 后台管理系统\koa\manager-server\node_modules\koa-static\index.js:53:9)
    at async logger (C:\Users\ZJY\Desktop\vue3 + koa2 + ElementPlus 后台管理系统\koa\manager-server\node_modules\koa-logger\index.js:67:7)
    at async bodyParser (C:\Users\ZJY\Desktop\vue3 + koa2 + ElementPlus 后台管理系统\koa\manager-server\node_modules\koa-bodyparser\index.js:91:5)
